<?xml version="1.0" encoding="UTF-8"?>
<coverage generated="1770209578806" clover="3.2.0">
  <project timestamp="1770209578806" name="All files">
    <metrics statements="57" coveredstatements="42" conditionals="20" coveredconditionals="4" methods="25" coveredmethods="12" elements="102" coveredelements="58" complexity="0" loc="57" ncloc="57" packages="1" files="5" classes="5"/>
    <file name="CartContext.tsx" path="/Users/phongnguyen/Documents/Iviettech/Bài tập môn react/ReactJS/bt-card/src/CartContext.tsx">
      <metrics statements="17" coveredstatements="17" conditionals="2" coveredconditionals="1" methods="9" coveredmethods="5"/>
      <line num="1" count="2" type="stmt"/>
      <line num="2" count="2" type="stmt"/>
      <line num="17" count="2" type="stmt"/>
      <line num="19" count="2" type="stmt"/>
      <line num="20" count="3" type="stmt"/>
      <line num="23" count="3" type="stmt"/>
      <line num="24" count="3" type="stmt"/>
      <line num="28" count="3" type="stmt"/>
      <line num="29" count="3" type="stmt"/>
      <line num="30" count="3" type="stmt"/>
      <line num="31" count="3" type="stmt"/>
      <line num="32" count="3" type="stmt"/>
      <line num="34" count="3" type="stmt"/>
      <line num="50" count="2" type="stmt"/>
      <line num="51" count="5" type="stmt"/>
      <line num="52" count="5" type="cond" truecount="1" falsecount="1"/>
      <line num="53" count="5" type="stmt"/>
    </file>
    <file name="ProductList.tsx" path="/Users/phongnguyen/Documents/Iviettech/Bài tập môn react/ReactJS/bt-card/src/ProductList.tsx">
      <metrics statements="7" coveredstatements="7" conditionals="0" coveredconditionals="0" methods="3" coveredmethods="3"/>
      <line num="1" count="1" type="stmt"/>
      <line num="4" count="1" type="stmt"/>
      <line num="9" count="1" type="stmt"/>
      <line num="10" count="2" type="stmt"/>
      <line num="11" count="2" type="stmt"/>
      <line num="14" count="4" type="stmt"/>
      <line num="17" count="1" type="stmt"/>
    </file>
    <file name="cardPage.tsx" path="/Users/phongnguyen/Documents/Iviettech/Bài tập môn react/ReactJS/bt-card/src/cardPage.tsx">
      <metrics statements="8" coveredstatements="4" conditionals="0" coveredconditionals="0" methods="5" coveredmethods="1"/>
      <line num="2" count="1" type="stmt"/>
      <line num="4" count="1" type="stmt"/>
      <line num="5" count="1" type="stmt"/>
      <line num="7" count="1" type="stmt"/>
      <line num="22" count="0" type="stmt"/>
      <line num="26" count="0" type="stmt"/>
      <line num="28" count="0" type="stmt"/>
      <line num="32" count="0" type="stmt"/>
    </file>
    <file name="cartReducer.ts" path="/Users/phongnguyen/Documents/Iviettech/Bài tập môn react/ReactJS/bt-card/src/cartReducer.ts">
      <metrics statements="21" coveredstatements="10" conditionals="18" coveredconditionals="3" methods="7" coveredmethods="2"/>
      <line num="5" count="3" type="stmt"/>
      <line num="10" count="3" type="stmt"/>
      <line num="11" count="4" type="cond" truecount="1" falsecount="5"/>
      <line num="13" count="4" type="stmt"/>
      <line num="14" count="4" type="stmt"/>
      <line num="16" count="4" type="cond" truecount="2" falsecount="0"/>
      <line num="17" count="1" type="stmt"/>
      <line num="21" count="1" type="stmt"/>
      <line num="23" count="3" type="stmt"/>
      <line num="26" count="4" type="stmt"/>
      <line num="33" count="0" type="stmt"/>
      <line num="34" count="0" type="cond" truecount="0" falsecount="2"/>
      <line num="36" count="0" type="stmt"/>
      <line num="37" count="0" type="stmt"/>
      <line num="42" count="0" type="stmt"/>
      <line num="45" count="0" type="cond" truecount="0" falsecount="2"/>
      <line num="53" count="0" type="stmt"/>
      <line num="56" count="0" type="cond" truecount="0" falsecount="4"/>
      <line num="62" count="0" type="cond" truecount="0" falsecount="2"/>
      <line num="68" count="0" type="stmt"/>
      <line num="71" count="0" type="stmt"/>
    </file>
    <file name="cartWidget.tsx" path="/Users/phongnguyen/Documents/Iviettech/Bài tập môn react/ReactJS/bt-card/src/cartWidget.tsx">
      <metrics statements="4" coveredstatements="4" conditionals="0" coveredconditionals="0" methods="1" coveredmethods="1"/>
      <line num="1" count="1" type="stmt"/>
      <line num="3" count="1" type="stmt"/>
      <line num="4" count="2" type="stmt"/>
      <line num="5" count="2" type="stmt"/>
    </file>
  </project>
</coverage>
