{"/Users/phongnguyen/Documents/Iviettech/Bài tập môn react/ReactJS/bt-card/src/CartContext.tsx": {"path":"/Users/phongnguyen/Documents/Iviettech/Bài tập môn react/ReactJS/bt-card/src/CartContext.tsx","statementMap":{"0":{"start":{"line":1,"column":0},"end":{"line":1,"column":87}},"1":{"start":{"line":2,"column":0},"end":{"line":2,"column":58}},"2":{"start":{"line":17,"column":20},"end":{"line":17,"column":73}},"3":{"start":{"line":19,"column":28},"end":{"line":47,"column":1}},"4":{"start":{"line":20,"column":28},"end":{"line":20,"column":65}},"5":{"start":{"line":23,"column":21},"end":{"line":25,"column":19}},"6":{"start":{"line":24,"column":4},"end":{"line":24,"column":86}},"7":{"start":{"line":24,"column":47},"end":{"line":24,"column":81}},"8":{"start":{"line":28,"column":20},"end":{"line":28,"column":90}},"9":{"start":{"line":28,"column":42},"end":{"line":28,"column":90}},"10":{"start":{"line":29,"column":25},"end":{"line":29,"column":87}},"11":{"start":{"line":29,"column":41},"end":{"line":29,"column":87}},"12":{"start":{"line":30,"column":27},"end":{"line":30,"column":95}},"13":{"start":{"line":30,"column":43},"end":{"line":30,"column":95}},"14":{"start":{"line":31,"column":27},"end":{"line":31,"column":95}},"15":{"start":{"line":31,"column":43},"end":{"line":31,"column":95}},"16":{"start":{"line":32,"column":20},"end":{"line":32,"column":58}},"17":{"start":{"line":32,"column":26},"end":{"line":32,"column":58}},"18":{"start":{"line":34,"column":2},"end":{"line":46,"column":4}},"19":{"start":{"line":19,"column":13},"end":{"line":19,"column":28}},"20":{"start":{"line":50,"column":23},"end":{"line":54,"column":1}},"21":{"start":{"line":51,"column":18},"end":{"line":51,"column":41}},"22":{"start":{"line":52,"column":2},"end":{"line":52,"column":77}},"23":{"start":{"line":52,"column":16},"end":{"line":52,"column":77}},"24":{"start":{"line":53,"column":2},"end":{"line":53,"column":17}},"25":{"start":{"line":50,"column":13},"end":{"line":50,"column":23}}},"fnMap":{"0":{"name":"(anonymous_0)","decl":{"start":{"line":19,"column":28},"end":{"line":19,"column":29}},"loc":{"start":{"line":19,"column":70},"end":{"line":47,"column":1}}},"1":{"name":"(anonymous_1)","decl":{"start":{"line":23,"column":29},"end":{"line":23,"column":32}},"loc":{"start":{"line":23,"column":34},"end":{"line":25,"column":3}}},"2":{"name":"(anonymous_2)","decl":{"start":{"line":24,"column":30},"end":{"line":24,"column":31}},"loc":{"start":{"line":24,"column":47},"end":{"line":24,"column":81}}},"3":{"name":"(anonymous_3)","decl":{"start":{"line":28,"column":20},"end":{"line":28,"column":21}},"loc":{"start":{"line":28,"column":42},"end":{"line":28,"column":90}}},"4":{"name":"(anonymous_4)","decl":{"start":{"line":29,"column":25},"end":{"line":29,"column":26}},"loc":{"start":{"line":29,"column":41},"end":{"line":29,"column":87}}},"5":{"name":"(anonymous_5)","decl":{"start":{"line":30,"column":27},"end":{"line":30,"column":28}},"loc":{"start":{"line":30,"column":43},"end":{"line":30,"column":95}}},"6":{"name":"(anonymous_6)","decl":{"start":{"line":31,"column":27},"end":{"line":31,"column":28}},"loc":{"start":{"line":31,"column":43},"end":{"line":31,"column":95}}},"7":{"name":"(anonymous_7)","decl":{"start":{"line":32,"column":20},"end":{"line":32,"column":23}},"loc":{"start":{"line":32,"column":26},"end":{"line":32,"column":58}}},"8":{"name":"(anonymous_8)","decl":{"start":{"line":50,"column":23},"end":{"line":50,"column":26}},"loc":{"start":{"line":50,"column":28},"end":{"line":54,"column":1}}}},"branchMap":{"0":{"loc":{"start":{"line":52,"column":2},"end":{"line":52,"column":77}},"type":"if","locations":[{"start":{"line":52,"column":2},"end":{"line":52,"column":77}},{"start":{},"end":{}}]}},"s":{"0":2,"1":2,"2":2,"3":2,"4":3,"5":3,"6":3,"7":1,"8":3,"9":1,"10":3,"11":0,"12":3,"13":0,"14":3,"15":0,"16":3,"17":0,"18":3,"19":2,"20":2,"21":5,"22":5,"23":0,"24":5,"25":2},"f":{"0":3,"1":3,"2":1,"3":1,"4":0,"5":0,"6":0,"7":0,"8":5},"b":{"0":[0,5]}}
,"/Users/phongnguyen/Documents/Iviettech/Bài tập môn react/ReactJS/bt-card/src/ProductList.tsx": {"path":"/Users/phongnguyen/Documents/Iviettech/Bài tập môn react/ReactJS/bt-card/src/ProductList.tsx","statementMap":{"0":{"start":{"line":1,"column":0},"end":{"line":1,"column":40}},"1":{"start":{"line":4,"column":33},"end":{"line":7,"column":2}},"2":{"start":{"line":9,"column":27},"end":{"line":22,"column":1}},"3":{"start":{"line":10,"column":24},"end":{"line":10,"column":33}},"4":{"start":{"line":11,"column":2},"end":{"line":21,"column":4}},"5":{"start":{"line":14,"column":8},"end":{"line":14,"column":24}},"6":{"start":{"line":17,"column":53},"end":{"line":17,"column":65}},"7":{"start":{"line":9,"column":13},"end":{"line":9,"column":27}}},"fnMap":{"0":{"name":"(anonymous_0)","decl":{"start":{"line":9,"column":27},"end":{"line":9,"column":30}},"loc":{"start":{"line":9,"column":32},"end":{"line":22,"column":1}}},"1":{"name":"(anonymous_1)","decl":{"start":{"line":13,"column":25},"end":{"line":13,"column":26}},"loc":{"start":{"line":14,"column":8},"end":{"line":14,"column":24}}},"2":{"name":"(anonymous_2)","decl":{"start":{"line":17,"column":47},"end":{"line":17,"column":50}},"loc":{"start":{"line":17,"column":53},"end":{"line":17,"column":65}}}},"branchMap":{},"s":{"0":1,"1":1,"2":1,"3":2,"4":2,"5":4,"6":1,"7":1},"f":{"0":2,"1":4,"2":1},"b":{}}
,"/Users/phongnguyen/Documents/Iviettech/Bài tập môn react/ReactJS/bt-card/src/cardPage.tsx": {"path":"/Users/phongnguyen/Documents/Iviettech/Bài tập môn react/ReactJS/bt-card/src/cardPage.tsx","statementMap":{"0":{"start":{"line":2,"column":0},"end":{"line":2,"column":40}},"1":{"start":{"line":4,"column":24},"end":{"line":45,"column":1}},"2":{"start":{"line":5,"column":95},"end":{"line":5,"column":104}},"3":{"start":{"line":7,"column":2},"end":{"line":44,"column":4}},"4":{"start":{"line":22,"column":12},"end":{"line":22,"column":null}},"5":{"start":{"line":26,"column":59},"end":{"line":26,"column":84}},"6":{"start":{"line":28,"column":59},"end":{"line":28,"column":84}},"7":{"start":{"line":32,"column":62},"end":{"line":32,"column":85}},"8":{"start":{"line":4,"column":13},"end":{"line":4,"column":24}}},"fnMap":{"0":{"name":"(anonymous_0)","decl":{"start":{"line":4,"column":24},"end":{"line":4,"column":27}},"loc":{"start":{"line":4,"column":29},"end":{"line":45,"column":1}}},"1":{"name":"(anonymous_1)","decl":{"start":{"line":21,"column":21},"end":{"line":21,"column":25}},"loc":{"start":{"line":22,"column":12},"end":{"line":22,"column":null}}},"2":{"name":"(anonymous_2)","decl":{"start":{"line":26,"column":53},"end":{"line":26,"column":56}},"loc":{"start":{"line":26,"column":59},"end":{"line":26,"column":84}}},"3":{"name":"(anonymous_3)","decl":{"start":{"line":28,"column":53},"end":{"line":28,"column":56}},"loc":{"start":{"line":28,"column":59},"end":{"line":28,"column":84}}},"4":{"name":"(anonymous_4)","decl":{"start":{"line":32,"column":56},"end":{"line":32,"column":59}},"loc":{"start":{"line":32,"column":62},"end":{"line":32,"column":85}}}},"branchMap":{},"s":{"0":1,"1":1,"2":1,"3":1,"4":0,"5":0,"6":0,"7":0,"8":1},"f":{"0":1,"1":0,"2":0,"3":0,"4":0},"b":{}}
,"/Users/phongnguyen/Documents/Iviettech/Bài tập môn react/ReactJS/bt-card/src/cartReducer.ts": {"path":"/Users/phongnguyen/Documents/Iviettech/Bài tập môn react/ReactJS/bt-card/src/cartReducer.ts","statementMap":{"0":{"start":{"line":5,"column":13},"end":{"line":8,"column":2}},"1":{"start":{"line":10,"column":27},"end":{"line":73,"column":1}},"2":{"start":{"line":11,"column":2},"end":{"line":72,"column":3}},"3":{"start":{"line":13,"column":32},"end":{"line":13,"column":92}},"4":{"start":{"line":13,"column":62},"end":{"line":13,"column":91}},"5":{"start":{"line":14,"column":25},"end":{"line":14,"column":41}},"6":{"start":{"line":16,"column":6},"end":{"line":24,"column":7}},"7":{"start":{"line":17,"column":28},"end":{"line":20,"column":10}},"8":{"start":{"line":21,"column":8},"end":{"line":21,"column":54}},"9":{"start":{"line":23,"column":8},"end":{"line":23,"column":62}},"10":{"start":{"line":26,"column":6},"end":{"line":29,"column":8}},"11":{"start":{"line":33,"column":27},"end":{"line":33,"column":79}},"12":{"start":{"line":33,"column":52},"end":{"line":33,"column":78}},"13":{"start":{"line":34,"column":6},"end":{"line":34,"column":38}},"14":{"start":{"line":34,"column":25},"end":{"line":34,"column":38}},"15":{"start":{"line":36,"column":6},"end":{"line":39,"column":8}},"16":{"start":{"line":37,"column":42},"end":{"line":37,"column":68}},"17":{"start":{"line":42,"column":8},"end":{"line":50,"column":10}},"18":{"start":{"line":45,"column":12},"end":{"line":47,"column":22}},"19":{"start":{"line":53,"column":4},"end":{"line":65,"column":6}},"20":{"start":{"line":56,"column":8},"end":{"line":58,"column":18}},"21":{"start":{"line":62,"column":45},"end":{"line":62,"column":68}},"22":{"start":{"line":68,"column":6},"end":{"line":68,"column":26}},"23":{"start":{"line":71,"column":6},"end":{"line":71,"column":19}},"24":{"start":{"line":10,"column":13},"end":{"line":10,"column":27}}},"fnMap":{"0":{"name":"(anonymous_0)","decl":{"start":{"line":10,"column":27},"end":{"line":10,"column":28}},"loc":{"start":{"line":10,"column":79},"end":{"line":73,"column":1}}},"1":{"name":"(anonymous_1)","decl":{"start":{"line":13,"column":54},"end":{"line":13,"column":58}},"loc":{"start":{"line":13,"column":62},"end":{"line":13,"column":91}}},"2":{"name":"(anonymous_2)","decl":{"start":{"line":33,"column":44},"end":{"line":33,"column":48}},"loc":{"start":{"line":33,"column":52},"end":{"line":33,"column":78}}},"3":{"name":"(anonymous_3)","decl":{"start":{"line":37,"column":34},"end":{"line":37,"column":38}},"loc":{"start":{"line":37,"column":42},"end":{"line":37,"column":68}}},"4":{"name":"(anonymous_4)","decl":{"start":{"line":44,"column":35},"end":{"line":44,"column":39}},"loc":{"start":{"line":45,"column":12},"end":{"line":47,"column":22}}},"5":{"name":"(anonymous_5)","decl":{"start":{"line":55,"column":31},"end":{"line":55,"column":35}},"loc":{"start":{"line":56,"column":8},"end":{"line":58,"column":18}}},"6":{"name":"(anonymous_6)","decl":{"start":{"line":62,"column":40},"end":{"line":62,"column":41}},"loc":{"start":{"line":62,"column":45},"end":{"line":62,"column":68}}}},"branchMap":{"0":{"loc":{"start":{"line":11,"column":2},"end":{"line":72,"column":3}},"type":"switch","locations":[{"start":{"line":12,"column":4},"end":{"line":30,"column":5}},{"start":{"line":32,"column":4},"end":{"line":40,"column":5}},{"start":{"line":41,"column":4},"end":{"line":50,"column":10}},{"start":{"line":52,"column":4},"end":{"line":65,"column":6}},{"start":{"line":67,"column":4},"end":{"line":68,"column":26}},{"start":{"line":70,"column":4},"end":{"line":71,"column":19}}]},"1":{"loc":{"start":{"line":16,"column":6},"end":{"line":24,"column":7}},"type":"if","locations":[{"start":{"line":16,"column":6},"end":{"line":24,"column":7}},{"start":{"line":22,"column":13},"end":{"line":24,"column":7}}]},"2":{"loc":{"start":{"line":34,"column":6},"end":{"line":34,"column":38}},"type":"if","locations":[{"start":{"line":34,"column":6},"end":{"line":34,"column":38}},{"start":{},"end":{}}]},"3":{"loc":{"start":{"line":45,"column":12},"end":{"line":47,"column":22}},"type":"cond-expr","locations":[{"start":{"line":46,"column":18},"end":{"line":46,"column":58}},{"start":{"line":47,"column":18},"end":{"line":47,"column":22}}]},"4":{"loc":{"start":{"line":56,"column":8},"end":{"line":58,"column":18}},"type":"cond-expr","locations":[{"start":{"line":57,"column":14},"end":{"line":57,"column":54}},{"start":{"line":58,"column":14},"end":{"line":58,"column":18}}]},"5":{"loc":{"start":{"line":56,"column":8},"end":{"line":56,"column":55}},"type":"binary-expr","locations":[{"start":{"line":56,"column":8},"end":{"line":56,"column":34}},{"start":{"line":56,"column":38},"end":{"line":56,"column":55}}]},"6":{"loc":{"start":{"line":62,"column":23},"end":{"line":64,"column":29}},"type":"cond-expr","locations":[{"start":{"line":63,"column":10},"end":{"line":63,"column":33}},{"start":{"line":64,"column":10},"end":{"line":64,"column":29}}]}},"s":{"0":3,"1":3,"2":4,"3":4,"4":2,"5":4,"6":4,"7":1,"8":1,"9":3,"10":4,"11":0,"12":0,"13":0,"14":0,"15":0,"16":0,"17":0,"18":0,"19":0,"20":0,"21":0,"22":0,"23":0,"24":3},"f":{"0":4,"1":2,"2":0,"3":0,"4":0,"5":0,"6":0},"b":{"0":[4,0,0,0,0,0],"1":[1,3],"2":[0,0],"3":[0,0],"4":[0,0],"5":[0,0],"6":[0,0]}}
,"/Users/phongnguyen/Documents/Iviettech/Bài tập môn react/ReactJS/bt-card/src/cartWidget.tsx": {"path":"/Users/phongnguyen/Documents/Iviettech/Bài tập môn react/ReactJS/bt-card/src/cartWidget.tsx","statementMap":{"0":{"start":{"line":1,"column":0},"end":{"line":1,"column":40}},"1":{"start":{"line":3,"column":26},"end":{"line":10,"column":1}},"2":{"start":{"line":4,"column":28},"end":{"line":4,"column":37}},"3":{"start":{"line":5,"column":2},"end":{"line":9,"column":4}},"4":{"start":{"line":3,"column":13},"end":{"line":3,"column":26}}},"fnMap":{"0":{"name":"(anonymous_0)","decl":{"start":{"line":3,"column":26},"end":{"line":3,"column":29}},"loc":{"start":{"line":3,"column":31},"end":{"line":10,"column":1}}}},"branchMap":{},"s":{"0":1,"1":1,"2":2,"3":2,"4":1},"f":{"0":2},"b":{}}
}
